(ERROR) 29-Mar-21 15:05:08 - String similarity of > 90 found. Chicken Kebak replaced with: Chicken Kebab at row: 45
 from dataset: Extra Ingredienten.csv. control dataset: pizza_ingredienten.xlsx
(ERROR) 29-Mar-21 15:05:14 - Price conversion error found in: Extra Ingredienten.csv
                                 Ingredient Violating Character
                              21     Salami                 [d]
                              Violating character is removed and resulting price will be migrated to target.
(ERROR) 29-Mar-21 15:05:19 - ('42S02', "[42S02] [Microsoft][ODBC SQL Server Driver][SQL Server]Invalid object name 'category'. (208) (SQLExecDirectW)")
(ERROR) 29-Mar-21 15:05:19 - ('42S02', "[42S02] [Microsoft][ODBC SQL Server Driver][SQL Server]Invalid object name 'category'. (208) (SQLExecDirectW)")
(ERROR) 29-Mar-21 15:05:19 - ('42S02', "[42S02] [Microsoft][ODBC SQL Server Driver][SQL Server]Invalid object name 'category'. (208) (SQLExecDirectW)")
(ERROR) 29-Mar-21 15:05:19 - ('42S02', "[42S02] [Microsoft][ODBC SQL Server Driver][SQL Server]Invalid object name 'category'. (208) (SQLExecDirectW)")
(ERROR) 29-Mar-21 15:05:19 - ('42S02', "[42S02] [Microsoft][ODBC SQL Server Driver][SQL Server]Invalid object name 'category'. (208) (SQLExecDirectW)")
(ERROR) 29-Mar-21 15:05:21 - Exception '42S02' found 145 times importing Restaurants
(ERROR) 29-Mar-21 15:06:17 - Price conversion error found in: Extra Ingredienten.csv
                                 Ingredient Violating Character
                              21     Salami                 [d]
                              Violating character is removed and resulting price will be migrated to target.
(ERROR) 29-Mar-21 15:06:23 - Exception '42S02' found 145 times importing Restaurants
(ERROR) 29-Mar-21 15:08:43 - Price conversion error found in: Extra Ingredienten.csv
                                 Ingredient Violating Character
                              21     Salami                 [d]
                              Violating character is removed and resulting price will be migrated to target.
(ERROR) 29-Mar-21 15:08:48 - Product migration errors found: 
                                 id                                                                                  error_message  error_procedure              source_table  source_row target_table
                              0   1  Error importing PizzaIngredient: Chicken Kebak. for pizza: Chicken Kebab. No such product Id.  ImportPizzaData  pizza_ingredienten_ghost          45      product
                              1   2        Error importing PizzaIngredient: Chicken Kebak. for pizza: Supreme. No such product Id.  ImportPizzaData  pizza_ingredienten_ghost          52      product
(ERROR) 29-Mar-21 15:08:50 - Exception '42S02' found 145 times importing Restaurants
(ERROR) 29-Mar-21 15:09:39 - String similarity of > 90 found. Chicken Kebak replaced with: Chicken Kebab at row: 45
 from dataset: Extra Ingredienten.csv. control dataset: pizza_ingredienten.xlsx
(ERROR) 29-Mar-21 15:09:44 - Price conversion error found in: Extra Ingredienten.csv
                                 Ingredient Violating Character
                              21     Salami                 [d]
                              Violating character is removed and resulting price will be migrated to target.
(ERROR) 29-Mar-21 15:09:49 - Product migration errors found: 
                                 id                                                                                  error_message  error_procedure              source_table  source_row target_table
                              0   1  Error importing PizzaIngredient: Chicken Kebak. for pizza: Chicken Kebab. No such product Id.  ImportPizzaData  pizza_ingredienten_ghost          45      product
                              1   2        Error importing PizzaIngredient: Chicken Kebak. for pizza: Supreme. No such product Id.  ImportPizzaData  pizza_ingredienten_ghost          52      product
(ERROR) 29-Mar-21 15:09:51 - Exception '42S02' found 145 times importing Restaurants
